<?xml version="1.0" encoding="UTF-8"?>
<testng-results ignored="0" total="1" passed="1" failed="0" skipped="0">
  <reporter-output>
    <line>
      <![CDATA[openBrowser]]>
    </line>
    <line>
      <![CDATA[login]]>
    </line>
    <line>
      <![CDATA[createCustomer]]>
    </line>
    <line>
      <![CDATA[logout]]>
    </line>
    <line>
      <![CDATA[closeBrowser]]>
    </line>
  </reporter-output>
  <suite started-at="2023-05-31T12:33:07 IST" name="Default suite" finished-at="2023-05-31T12:33:23 IST" duration-ms="16090">
    <groups>
    </groups>
    <test started-at="2023-05-31T12:33:07 IST" name="Default test" finished-at="2023-05-31T12:33:23 IST" duration-ms="16090">
      <class name="com.actitime.testscript.CustomerModule">
        <test-method is-config="true" signature="openBrowser()[pri:0, instance:com.actitime.testscript.CustomerModule@636be97c]" started-at="2023-05-31T12:33:07 IST" name="openBrowser" finished-at="2023-05-31T12:33:10 IST" duration-ms="2667" status="PASS">
          <reporter-output>
            <line>
              <![CDATA[openBrowser]]>
            </line>
          </reporter-output>
        </test-method> <!-- openBrowser -->
        <test-method is-config="true" signature="login()[pri:0, instance:com.actitime.testscript.CustomerModule@636be97c]" started-at="2023-05-31T12:33:10 IST" name="login" finished-at="2023-05-31T12:33:17 IST" duration-ms="7299" status="PASS">
          <reporter-output>
            <line>
              <![CDATA[login]]>
            </line>
          </reporter-output>
        </test-method> <!-- login -->
        <test-method signature="testCustomerModule()[pri:0, instance:com.actitime.testscript.CustomerModule@636be97c]" started-at="2023-05-31T12:33:17 IST" name="testCustomerModule" finished-at="2023-05-31T12:33:17 IST" duration-ms="30" status="PASS">
          <reporter-output>
            <line>
              <![CDATA[createCustomer]]>
            </line>
          </reporter-output>
        </test-method> <!-- testCustomerModule -->
        <test-method is-config="true" signature="logout()[pri:0, instance:com.actitime.testscript.CustomerModule@636be97c]" started-at="2023-05-31T12:33:17 IST" name="logout" finished-at="2023-05-31T12:33:23 IST" duration-ms="5616" status="PASS">
          <reporter-output>
            <line>
              <![CDATA[logout]]>
            </line>
          </reporter-output>
        </test-method> <!-- logout -->
        <test-method is-config="true" signature="closeBrowser()[pri:0, instance:com.actitime.testscript.CustomerModule@636be97c]" started-at="2023-05-31T12:33:23 IST" name="closeBrowser" finished-at="2023-05-31T12:33:23 IST" duration-ms="396" status="PASS">
          <reporter-output>
            <line>
              <![CDATA[closeBrowser]]>
            </line>
          </reporter-output>
        </test-method> <!-- closeBrowser -->
      </class> <!-- com.actitime.testscript.CustomerModule -->
    </test> <!-- Default test -->
  </suite> <!-- Default suite -->
</testng-results>
